<?xml version="1.0" encoding="UTF-8"?>
<testng-results ignored="0" total="1" passed="1" failed="0" skipped="0">
  <reporter-output>
  </reporter-output>
  <suite started-at="2020-03-25T00:48:19Z" name="Suite" finished-at="2020-03-25T00:49:10Z" duration-ms="50706">
    <groups>
      <group name="cucumber">
        <method signature="AbstractTestNGCucumberTests.feature(cucumber.api.testng.CucumberFeatureWrapper)[pri:0, instance:com.james.training.CucumberPOM.AppTestRunner@42b3b079]" name="feature" class="cucumber.api.testng.AbstractTestNGCucumberTests"/>
      </group> <!-- cucumber -->
    </groups>
    <test started-at="2020-03-25T00:48:19Z" name="Test" finished-at="2020-03-25T00:49:10Z" duration-ms="50706">
      <class name="com.james.training.CucumberPOM.AppTestRunner">
        <test-method is-config="true" signature="setUpClass()[pri:0, instance:com.james.training.CucumberPOM.AppTestRunner@42b3b079]" started-at="2020-03-25T00:48:19Z" name="setUpClass" finished-at="2020-03-25T00:48:20Z" duration-ms="465" status="PASS">
          <reporter-output>
          </reporter-output>
        </test-method> <!-- setUpClass -->
        <test-method signature="feature(cucumber.api.testng.CucumberFeatureWrapper)[pri:0, instance:com.james.training.CucumberPOM.AppTestRunner@42b3b079]" started-at="2020-03-25T00:48:20Z" name="feature" description="Runs Cucumber Feature" data-provider="features" finished-at="2020-03-25T00:49:10Z" duration-ms="50037" status="PASS">
          <params>
            <param index="0">
              <value>
                <![CDATA[Cucumber Application Test]]>
              </value>
            </param>
          </params>
          <reporter-output>
          </reporter-output>
        </test-method> <!-- feature -->
        <test-method is-config="true" signature="tearDownClass()[pri:0, instance:com.james.training.CucumberPOM.AppTestRunner@42b3b079]" started-at="2020-03-25T00:49:10Z" name="tearDownClass" finished-at="2020-03-25T00:49:10Z" duration-ms="21" status="PASS">
          <reporter-output>
          </reporter-output>
        </test-method> <!-- tearDownClass -->
      </class> <!-- com.james.training.CucumberPOM.AppTestRunner -->
    </test> <!-- Test -->
  </suite> <!-- Suite -->
</testng-results>
